E:\DATA(G)\Криптомодуль\TestProgram\TestApp\Debug\CardDLL.lib
E:\DATA(G)\Криптомодуль\TestProgram\TestApp\Debug\CardDLL.exp
E:\DATA(G)\Криптомодуль\TESTPROGRAM\TESTAPP\CARDDLL\DEBUG\PCSC.OBJ
E:\DATA(G)\Криптомодуль\TESTPROGRAM\TESTAPP\CARDDLL\DEBUG\UTIL.OBJ
E:\DATA(G)\КРИПТОМОДУЛЬ\TESTPROGRAM\TESTAPP\CARDDLL\DEBUG\VC110.PDB
E:\DATA(G)\Криптомодуль\TESTPROGRAM\TESTAPP\DEBUG\CARDDLL.ILK
E:\DATA(G)\Криптомодуль\TESTPROGRAM\TESTAPP\DEBUG\CARDDLL.DLL
E:\DATA(G)\КРИПТОМОДУЛЬ\TESTPROGRAM\TESTAPP\DEBUG\CARDDLL.PDB
E:\DATA(G)\Криптомодуль\TestProgram\TestApp\CardDLL\Debug\pcsc.obj
E:\DATA(G)\Криптомодуль\TestProgram\TestApp\CardDLL\Debug\util.obj
E:\DATA(G)\Криптомодуль\TestProgram\TestApp\CardDLL\Debug\CardDLL.write.1.tlog
E:\DATA(G)\Криптомодуль\TestProgram\TestApp\CardDLL\Debug\cl.command.1.tlog
E:\DATA(G)\Криптомодуль\TestProgram\TestApp\CardDLL\Debug\CL.read.1.tlog
E:\DATA(G)\Криптомодуль\TestProgram\TestApp\CardDLL\Debug\CL.write.1.tlog
E:\DATA(G)\Криптомодуль\TestProgram\TestApp\CardDLL\Debug\link-cvtres.read.1.tlog
E:\DATA(G)\Криптомодуль\TestProgram\TestApp\CardDLL\Debug\link-cvtres.write.1.tlog
E:\DATA(G)\Криптомодуль\TestProgram\TestApp\CardDLL\Debug\link-rc.read.1.tlog
E:\DATA(G)\Криптомодуль\TestProgram\TestApp\CardDLL\Debug\link-rc.write.1.tlog
E:\DATA(G)\Криптомодуль\TestProgram\TestApp\CardDLL\Debug\link.command.1.tlog
E:\DATA(G)\Криптомодуль\TestProgram\TestApp\CardDLL\Debug\link.read.1.tlog
E:\DATA(G)\Криптомодуль\TestProgram\TestApp\CardDLL\Debug\link.write.1.tlog
E:\DATA(G)\Криптомодуль\TestProgram\TestApp\CardDLL\Debug\vc110.idb
E:\DATA(G)\Криптомодуль\TestProgram\TestApp\CardDLL\Debug\vc110.pdb
E:\DATA(G)\Криптомодуль\TestProgram\TestApp\Debug\CardDLL.pdb
E:\DATA(G)\Криптомодуль\TestProgram\TestApp\Debug\CardDLL.dll
E:\DATA(G)\Криптомодуль\TestProgram\TestApp\Debug\CardDLL.ilk
